Arguments: 
  /usr/local/bin/node /Users/rich/.yarn/bin/yarn.js add @optimuscms/ui

PATH: 
  /Users/rich/.yarn/bin:/Users/rich/.config/yarn/global/node_modules/.bin:/Users/rich/bin:/usr/local/bin:/Users/rich/.composer/vendor/bin:/usr/local/bin:/usr/bin:/bin:/usr/sbin:/sbin

Yarn version: 
  1.5.1

Node version: 
  9.3.0

Platform: 
  darwin x64

npm manifest: 
  {
    "name": "@optimuscms/media-manager",
    "version": "1.0.0",
    "author": "Rich Moore",
    "license": "MIT",
    "dependencies": {
      
    }
  }

yarn manifest: 
  No manifest

Lockfile: 
  # THIS IS AN AUTOGENERATED FILE. DO NOT EDIT THIS FILE DIRECTLY.
  # yarn lockfile v1
  
  
  "@fortawesome/fontawesome-common-types@^0.1.7":
    version "0.1.7"
    resolved "https://registry.yarnpkg.com/@fortawesome/fontawesome-common-types/-/fontawesome-common-types-0.1.7.tgz#4336c4b06d0b5608ff1215464b66fcf9f4795284"
  
  "@fortawesome/fontawesome-free-solid@^5.0.13":
    version "5.0.13"
    resolved "https://registry.yarnpkg.com/@fortawesome/fontawesome-free-solid/-/fontawesome-free-solid-5.0.13.tgz#24b61aaf471a9d34a5364b052d64a516285ba894"
    dependencies:
      "@fortawesome/fontawesome-common-types" "^0.1.7"
  
  "@fortawesome/fontawesome@^1.1.8":
    version "1.1.8"
    resolved "https://registry.yarnpkg.com/@fortawesome/fontawesome/-/fontawesome-1.1.8.tgz#75fe66a60f95508160bb16bd781ad7d89b280f5b"
    dependencies:
      "@fortawesome/fontawesome-common-types" "^0.1.7"
  
  "@fortawesome/vue-fontawesome@^0.0.22":
    version "0.0.22"
    resolved "https://registry.yarnpkg.com/@fortawesome/vue-fontawesome/-/vue-fontawesome-0.0.22.tgz#720457bda0e5866265e5e0f8fe4fbd857fa5653f"
  
  "@optimuscms/editor@^1.0.0":
    version "1.0.0"
    resolved "https://registry.yarnpkg.com/@optimuscms/editor/-/editor-1.0.0.tgz#46422d3e586c381cc4f44a6e6c802f91904b0e95"
    dependencies:
      "@fortawesome/fontawesome" "^1.1.8"
      "@fortawesome/fontawesome-free-solid" "^5.0.13"
      "@fortawesome/vue-fontawesome" "^0.0.22"
      quill "^1.3.6"
  
  "@optimuscms/ui@*":
    version "1.0.11"
    resolved "https://registry.yarnpkg.com/@optimuscms/ui/-/ui-1.0.11.tgz#aa3968a5378d2a9f7c1b770bda962870c11cbd80"
    dependencies:
      "@fortawesome/fontawesome" "^1.1.8"
      "@fortawesome/fontawesome-free-solid" "^5.0.13"
      "@fortawesome/vue-fontawesome" "^0.0.22"
      "@optimuscms/editor" "^1.0.0"
      bulma "^0.7.1"
      form-backend-validation "^2.3.3"
      jwt-decode "^2.2.0"
      moment "^2.22.1"
      nprogress "^0.2.0"
      optix-sass "^3.0.3"
      velocity-animate "^1.5.1"
      vue-multiselect "^2.1.0"
      vue-router "^3.0.1"
      vuex "^3.0.1"
  
  "axios@>=0.15 <1.0":
    version "0.18.0"
    resolved "https://registry.yarnpkg.com/axios/-/axios-0.18.0.tgz#32d53e4851efdc0a11993b6cd000789d70c05102"
    dependencies:
      follow-redirects "^1.3.0"
      is-buffer "^1.1.5"
  
  bulma@^0.7.1:
    version "0.7.1"
    resolved "https://registry.yarnpkg.com/bulma/-/bulma-0.7.1.tgz#73c2e3b2930c90cc272029cbd19918b493fca486"
  
  clone@^2.1.1:
    version "2.1.1"
    resolved "https://registry.yarnpkg.com/clone/-/clone-2.1.1.tgz#d217d1e961118e3ac9a4b8bba3285553bf647cdb"
  
  debug@^3.1.0:
    version "3.1.0"
    resolved "https://registry.yarnpkg.com/debug/-/debug-3.1.0.tgz#5bb5a0672628b64149566ba16819e61518c67261"
    dependencies:
      ms "2.0.0"
  
  deep-equal@^1.0.1:
    version "1.0.1"
    resolved "https://registry.yarnpkg.com/deep-equal/-/deep-equal-1.0.1.tgz#f5d260292b660e084eff4cdbc9f08ad3247448b5"
  
  eventemitter3@^2.0.3:
    version "2.0.3"
    resolved "https://registry.yarnpkg.com/eventemitter3/-/eventemitter3-2.0.3.tgz#b5e1079b59fb5e1ba2771c0a993be060a58c99ba"
  
  extend@^3.0.1:
    version "3.0.1"
    resolved "https://registry.yarnpkg.com/extend/-/extend-3.0.1.tgz#a755ea7bc1adfcc5a31ce7e762dbaadc5e636444"
  
  fast-diff@1.1.2:
    version "1.1.2"
    resolved "https://registry.yarnpkg.com/fast-diff/-/fast-diff-1.1.2.tgz#4b62c42b8e03de3f848460b639079920695d0154"
  
  follow-redirects@^1.3.0:
    version "1.5.0"
    resolved "https://registry.yarnpkg.com/follow-redirects/-/follow-redirects-1.5.0.tgz#234f49cf770b7f35b40e790f636ceba0c3a0ab77"
    dependencies:
      debug "^3.1.0"
  
  form-backend-validation@^2.3.3:
    version "2.3.3"
    resolved "https://registry.yarnpkg.com/form-backend-validation/-/form-backend-validation-2.3.3.tgz#1ed31e95ad031c68921bfe15c947ad5eb93b9600"
    dependencies:
      prettier "^1.10.2"
    optionalDependencies:
      axios ">=0.15 <1.0"
  
  is-buffer@^1.1.5:
    version "1.1.6"
    resolved "https://registry.yarnpkg.com/is-buffer/-/is-buffer-1.1.6.tgz#efaa2ea9daa0d7ab2ea13a97b2b8ad51fefbe8be"
  
  jwt-decode@^2.2.0:
    version "2.2.0"
    resolved "https://registry.yarnpkg.com/jwt-decode/-/jwt-decode-2.2.0.tgz#7d86bd56679f58ce6a84704a657dd392bba81a79"
  
  moment@^2.22.1:
    version "2.22.2"
    resolved "https://registry.yarnpkg.com/moment/-/moment-2.22.2.tgz#3c257f9839fc0e93ff53149632239eb90783ff66"
  
  ms@2.0.0:
    version "2.0.0"
    resolved "https://registry.yarnpkg.com/ms/-/ms-2.0.0.tgz#5608aeadfc00be6c2901df5f9861788de0d597c8"
  
  nprogress@^0.2.0:
    version "0.2.0"
    resolved "https://registry.yarnpkg.com/nprogress/-/nprogress-0.2.0.tgz#cb8f34c53213d895723fcbab907e9422adbcafb1"
  
  optix-sass@^3.0.3:
    version "3.0.3"
    resolved "https://registry.yarnpkg.com/optix-sass/-/optix-sass-3.0.3.tgz#46120b9b78063cbdb3ed938151186e80315a0656"
  
  parchment@^1.1.4:
    version "1.1.4"
    resolved "https://registry.yarnpkg.com/parchment/-/parchment-1.1.4.tgz#aeded7ab938fe921d4c34bc339ce1168bc2ffde5"
  
  prettier@^1.10.2:
    version "1.13.4"
    resolved "https://registry.yarnpkg.com/prettier/-/prettier-1.13.4.tgz#31bbae6990f13b1093187c731766a14036fa72e6"
  
  quill-delta@^3.6.2:
    version "3.6.2"
    resolved "https://registry.yarnpkg.com/quill-delta/-/quill-delta-3.6.2.tgz#76eed0163b8b09a076fba6ade29307c42b40b8d8"
    dependencies:
      deep-equal "^1.0.1"
      extend "^3.0.1"
      fast-diff "1.1.2"
  
  quill@^1.3.6:
    version "1.3.6"
    resolved "https://registry.yarnpkg.com/quill/-/quill-1.3.6.tgz#99f4de1fee85925a0d7d4163b6d8328f23317a4d"
    dependencies:
      clone "^2.1.1"
      deep-equal "^1.0.1"
      eventemitter3 "^2.0.3"
      extend "^3.0.1"
      parchment "^1.1.4"
      quill-delta "^3.6.2"
  
  velocity-animate@^1.5.1:
    version "1.5.1"
    resolved "https://registry.yarnpkg.com/velocity-animate/-/velocity-animate-1.5.1.tgz#606837047bab8fbfb59a636d1d82ecc3f7bd71a6"
  
  vue-multiselect@^2.1.0:
    version "2.1.0"
    resolved "https://registry.yarnpkg.com/vue-multiselect/-/vue-multiselect-2.1.0.tgz#9e8ee7087658f029d06778cdb8da0b34ee3f1e28"
  
  vue-router@^3.0.1:
    version "3.0.1"
    resolved "https://registry.yarnpkg.com/vue-router/-/vue-router-3.0.1.tgz#d9b05ad9c7420ba0f626d6500d693e60092cc1e9"
  
  vuex@^3.0.1:
    version "3.0.1"
    resolved "https://registry.yarnpkg.com/vuex/-/vuex-3.0.1.tgz#e761352ebe0af537d4bb755a9b9dc4be3df7efd2"

Trace: 
  Error: EACCES: permission denied, unlink '/Users/rich/code/optimus/resources/packages/optimus/node_modules/.bin/npm'
